<?xml version="1.0" encoding="utf-8"?>
<shfbBuild product="Sandcastle Help File Builder" version="2015.1.12.0" projectFile="C:\WORKING_TEMP\03_GL_stuff\00_GLC\DOTNET\DOTNET_RM\04_DotnetDoc\dotnetdoc.shfbproj" started="2017-12-29 15:19:55">
<buildStep step="Initializing">
Finding tools...
The Sandcastle tools are located in &#39;C:\Program Files (x86)\EWSoftware\Sandcastle Help File Builder\&#39;
Locating components in the following folder(s):
   C:\WORKING_TEMP\03_GL_stuff\00_GLC\DOTNET\DOTNET_RM\04_DotnetDoc
Using presentation style &#39;VS2013&#39; located in &#39;C:\Program Files (x86)\EWSoftware\Sandcastle Help File Builder\PresentationStyles\VS2013&#39;
Loading and initializing plug-ins...
Lightweight Website Style Version 2015.1.12.0
Copyright &#169; 2006-2015, Eric Woodruff, All Rights Reserved
Portions Copyright &#169; 2014, Sam Harwell, All Rights Reserved
</buildStep>
<buildStep step="ValidatingDocumentationSources">
Validating and copying documentation source information
Source: C:\WORKING_TEMP\03_GL_stuff\00_GLC\DOTNET\DOTNET_RM\01_VisualStudio\bin\Release\GlobalLink.Connect.dll
    Found assembly &#39;C:\WORKING_TEMP\03_GL_stuff\00_GLC\DOTNET\DOTNET_RM\01_VisualStudio\bin\Release\GlobalLink.Connect.dll&#39;
Source: C:\WORKING_TEMP\03_GL_stuff\00_GLC\DOTNET\DOTNET_RM\01_VisualStudio\bin\Release\GlobalLink.Connect.xml

Copying XML comments files
    C:\WORKING_TEMP\03_GL_stuff\00_GLC\DOTNET\DOTNET_RM\01_VisualStudio\bin\Release\GlobalLink.Connect.xml -&gt; C:\WORKING_TEMP\03_GL_stuff\00_GLC\DOTNET\DOTNET_RM\04_DotnetDoc\Help\Working\GlobalLink.Connect.xml
</buildStep>
<buildStep step="GenerateSharedContent">
Generating shared content files (en-US, English (United States))...
<plugIn name="Lightweight Website Style" behavior="After" priority="1000">
</plugIn>    Last step completed in 00:00:00.0100
</buildStep>
<buildStep step="GenerateApiFilter">
Generating API filter for MRefBuilder...
    Last step completed in 00:00:00.0100
</buildStep>
<buildStep step="GenerateReflectionInfo">
Generating reflection information...
[C:\Windows\Microsoft.NET\Framework64\v4.0.30319\MSBuild.exe]
Build started 2017-12-29 15:19:56.
Project &quot;C:\WORKING_TEMP\03_GL_stuff\00_GLC\DOTNET\DOTNET_RM\04_DotnetDoc\Help\Working\GenerateRefInfo.proj&quot; on node 1 (default targets).
PrepareForBuild:
  Creating directory &quot;obj\Debug\&quot;.
GenerateRefInfo:
  MRefBuilder (v2015.1.12.0)
  Copyright c 2006-2015, Microsoft Corporation, All Rights Reserved.
  Portions Copyright c 2006-2014, Eric Woodruff, All Rights Reserved.
  Loaded 1 assemblies for reflection and 1 dependency assemblies.
  Wrote information on 5 namespaces, 18 types, and 165 members
  Copying file from &quot;reflection.org&quot; to &quot;reflection.all&quot;.
  XslTransform (v2015.1.12.0)
  Copyright c 2006-2015, Microsoft Corporation, All Rights Reserved.
  Portions Copyright c 2006-2014, Eric Woodruff, All Rights Reserved.
  Applying XSL transformation &#39;C:\Program Files (x86)\EWSoftware\Sandcastle Help File Builder\ProductionTransforms\MergeDuplicates.xsl&#39;.
Done Building Project &quot;C:\WORKING_TEMP\03_GL_stuff\00_GLC\DOTNET\DOTNET_RM\04_DotnetDoc\Help\Working\GenerateRefInfo.proj&quot; (default targets).

Build succeeded.

Time Elapsed 00:00:01.14
    Last step completed in 00:00:01.3450
</buildStep>
<buildStep step="TransformReflectionInfo">
Transforming reflection output...
[C:\Windows\Microsoft.NET\Framework64\v4.0.30319\MSBuild.exe]
Build started 2017-12-29 15:19:57.
Project &quot;C:\WORKING_TEMP\03_GL_stuff\00_GLC\DOTNET\DOTNET_RM\04_DotnetDoc\Help\Working\TransformManifest.proj&quot; on node 1 (default targets).
TransformManifest:
  XslTransform (v2015.1.12.0)
  Copyright c 2006-2015, Microsoft Corporation, All Rights Reserved.
  Portions Copyright c 2006-2014, Eric Woodruff, All Rights Reserved.
  Applying XSL transformation &#39;C:\Program Files (x86)\EWSoftware\Sandcastle Help File Builder\\ProductionTransforms\ApplyVSDocModel.xsl&#39;.
  Copying file from &quot;reflection.xml&quot; to &quot;reflection.nofilenames&quot;.
  XslTransform (v2015.1.12.0)
  Copyright c 2006-2015, Microsoft Corporation, All Rights Reserved.
  Portions Copyright c 2006-2014, Eric Woodruff, All Rights Reserved.
  Applying XSL transformation &#39;C:\Program Files (x86)\EWSoftware\Sandcastle Help File Builder\ProductionTransforms\AddFilenames.xsl&#39;.
  XslTransform (v2015.1.12.0)
  Copyright c 2006-2015, Microsoft Corporation, All Rights Reserved.
  Portions Copyright c 2006-2014, Eric Woodruff, All Rights Reserved.
  Applying XSL transformation &#39;C:\Program Files (x86)\EWSoftware\Sandcastle Help File Builder\ProductionTransforms\ReflectionToManifest.xsl&#39;.
Done Building Project &quot;C:\WORKING_TEMP\03_GL_stuff\00_GLC\DOTNET\DOTNET_RM\04_DotnetDoc\Help\Working\TransformManifest.proj&quot; (default targets).

Build succeeded.

Time Elapsed 00:00:01.03
    Last step completed in 00:00:01.2440
</buildStep>
<buildStep step="GenerateNamespaceSummaries">
Generating namespace summary information...
    Last step completed in 00:00:00.0600
</buildStep>
<buildStep step="CopyAdditionalContent">
Copying additional content files...
No additional content to copy
    Last step completed in 00:00:00.0000
</buildStep>
<buildStep step="MergeTablesOfContents">
Merging conceptual and additional tables of contents...
    Last step completed in 00:00:00.0000
</buildStep>
<buildStep step="GenerateIntermediateTableOfContents">
Generating intermediate table of contents file...
[C:\Windows\Microsoft.NET\Framework64\v4.0.30319\MSBuild.exe]
Build started 2017-12-29 15:19:58.
Project &quot;C:\WORKING_TEMP\03_GL_stuff\00_GLC\DOTNET\DOTNET_RM\04_DotnetDoc\Help\Working\GenerateIntermediateTOC.proj&quot; on node 1 (default targets).
GenerateIntermediateTOC:
  XslTransform (v2015.1.12.0)
  Copyright c 2006-2015, Microsoft Corporation, All Rights Reserved.
  Portions Copyright c 2006-2014, Eric Woodruff, All Rights Reserved.
  Applying XSL transformation &#39;C:\Program Files (x86)\EWSoftware\Sandcastle Help File Builder\\ProductionTransforms\CreateVSToc.xsl&#39;.
Done Building Project &quot;C:\WORKING_TEMP\03_GL_stuff\00_GLC\DOTNET\DOTNET_RM\04_DotnetDoc\Help\Working\GenerateIntermediateTOC.proj&quot; (default targets).

Build succeeded.

Time Elapsed 00:00:00.24
Generating conceptual content intermediate TOC file...
    Last step completed in 00:00:00.4300
</buildStep>
<buildStep step="CreateBuildAssemblerConfigs">
Creating Sandcastle configuration files...
    sandcastle.config
    Last step completed in 00:00:00.1000
</buildStep>
<buildStep step="MergeCustomConfigs">
Merging custom build component configurations
C:\WORKING_TEMP\03_GL_stuff\00_GLC\DOTNET\DOTNET_RM\04_DotnetDoc\Help\Working\sandcastle.config
    Last step completed in 00:00:00.0400
</buildStep>
<buildStep step="BuildReferenceTopics">
Building reference help topics...
[C:\Windows\Microsoft.NET\Framework64\v4.0.30319\MSBuild.exe]
Build started 2017-12-29 15:19:59.
Project &quot;C:\WORKING_TEMP\03_GL_stuff\00_GLC\DOTNET\DOTNET_RM\04_DotnetDoc\Help\Working\BuildReferenceTopics.proj&quot; on node 1 (default targets).
BuildReferenceTopics:
  BuildAssembler (v2015.1.12.0)
  Copyright c 2006-2015, Microsoft Corporation, All Rights Reserved.
  Portions Copyright c 2006-2014, Eric Woodruff, All Rights Reserved.
  Loading configuration...
  Processing topics...
BuildAssembler : warning : ResolveReferenceLinksComponent: [M:GlobalLink.Connect.GLExchange.downloadPreliminaryTargets(GlobalLink.Connect.WorkflowServiceRef.SubmissionWorkflowInfo,System.Boolean)] Unknown reference link target &#39;T:GlobalLink.Connect.WorkflowServiceRef.SubmissionWorkflowInfo&#39;. [C:\WORKING_TEMP\03_GL_stuff\00_GLC\DOTNET\DOTNET_RM\04_DotnetDoc\Help\Working\BuildReferenceTopics.proj]
BuildAssembler : warning : ResolveReferenceLinksComponent: [M:GlobalLink.Connect.GLExchange.downloadPreliminaryTargets(GlobalLink.Connect.WorkflowServiceRef.SubmissionWorkflowInfo,System.Boolean)] Unknown reference link target &#39;T:GlobalLink.Connect.WorkflowServiceRef.SubmissionWorkflowInfo&#39;. [C:\WORKING_TEMP\03_GL_stuff\00_GLC\DOTNET\DOTNET_RM\04_DotnetDoc\Help\Working\BuildReferenceTopics.proj]
BuildAssembler : warning : ResolveReferenceLinksComponent: [M:GlobalLink.Connect.GLExchange.downloadPreliminaryTargets(GlobalLink.Connect.WorkflowServiceRef.SubmissionWorkflowInfo,System.Boolean)] Unknown reference link target &#39;T:GlobalLink.Connect.WorkflowServiceRef.SubmissionWorkflowInfo&#39;. [C:\WORKING_TEMP\03_GL_stuff\00_GLC\DOTNET\DOTNET_RM\04_DotnetDoc\Help\Working\BuildReferenceTopics.proj]
BuildAssembler : warning : ResolveReferenceLinksComponent: [M:GlobalLink.Connect.GLExchange.downloadPreliminaryTargets(GlobalLink.Connect.WorkflowServiceRef.SubmissionWorkflowInfo,System.Boolean)] Unknown reference link target &#39;T:GlobalLink.Connect.WorkflowServiceRef.SubmissionWorkflowInfo&#39;. [C:\WORKING_TEMP\03_GL_stuff\00_GLC\DOTNET\DOTNET_RM\04_DotnetDoc\Help\Working\BuildReferenceTopics.proj]
BuildAssembler : warning : ResolveReferenceLinksComponent: [M:GlobalLink.Connect.GLExchange.downloadTranslationKit(GlobalLink.Connect.WorkflowServiceRef.SubmissionWorkflowInfo)] Unknown reference link target &#39;T:GlobalLink.Connect.WorkflowServiceRef.SubmissionWorkflowInfo&#39;. [C:\WORKING_TEMP\03_GL_stuff\00_GLC\DOTNET\DOTNET_RM\04_DotnetDoc\Help\Working\BuildReferenceTopics.proj]
BuildAssembler : warning : ResolveReferenceLinksComponent: [M:GlobalLink.Connect.GLExchange.downloadTranslationKit(GlobalLink.Connect.WorkflowServiceRef.SubmissionWorkflowInfo)] Unknown reference link target &#39;T:GlobalLink.Connect.WorkflowServiceRef.SubmissionWorkflowInfo&#39;. [C:\WORKING_TEMP\03_GL_stuff\00_GLC\DOTNET\DOTNET_RM\04_DotnetDoc\Help\Working\BuildReferenceTopics.proj]
BuildAssembler : warning : ResolveReferenceLinksComponent: [M:GlobalLink.Connect.GLExchange.findAvailableWorkflowInfosForClaim(System.Int32)] Unknown reference link target &#39;T:GlobalLink.Connect.WorkflowServiceRef.SubmissionWorkflowInfo&#39;. [C:\WORKING_TEMP\03_GL_stuff\00_GLC\DOTNET\DOTNET_RM\04_DotnetDoc\Help\Working\BuildReferenceTopics.proj]
BuildAssembler : warning : ResolveReferenceLinksComponent: [M:GlobalLink.Connect.GLExchange.findAvailableWorkflowInfosForClaim(System.Int32)] Unknown reference link target &#39;T:GlobalLink.Connect.WorkflowServiceRef.SubmissionWorkflowInfo&#39;. [C:\WORKING_TEMP\03_GL_stuff\00_GLC\DOTNET\DOTNET_RM\04_DotnetDoc\Help\Working\BuildReferenceTopics.proj]
BuildAssembler : warning : ResolveReferenceLinksComponent: [M:GlobalLink.Connect.GLExchange.findAvailableWorkflowInfosForClaim(System.Int32)] Unknown reference link target &#39;T:GlobalLink.Connect.WorkflowServiceRef.SubmissionWorkflowInfo&#39;. [C:\WORKING_TEMP\03_GL_stuff\00_GLC\DOTNET\DOTNET_RM\04_DotnetDoc\Help\Working\BuildReferenceTopics.proj]
BuildAssembler : warning : ResolveReferenceLinksComponent: [M:GlobalLink.Connect.GLExchange.findAvailableWorkflowInfosForClaim(System.Int32)] Unknown reference link target &#39;T:GlobalLink.Connect.WorkflowServiceRef.SubmissionWorkflowInfo&#39;. [C:\WORKING_TEMP\03_GL_stuff\00_GLC\DOTNET\DOTNET_RM\04_DotnetDoc\Help\Working\BuildReferenceTopics.proj]
BuildAssembler : warning : ResolveReferenceLinksComponent: [M:GlobalLink.Connect.GLExchange.findAvailableWorkflowInfosForClaim(System.Int32)] Unknown reference link target &#39;T:GlobalLink.Connect.WorkflowServiceRef.SubmissionWorkflowInfo&#39;. [C:\WORKING_TEMP\03_GL_stuff\00_GLC\DOTNET\DOTNET_RM\04_DotnetDoc\Help\Working\BuildReferenceTopics.proj]
BuildAssembler : warning : ResolveReferenceLinksComponent: [M:GlobalLink.Connect.GLExchange.findAvailableWorkflowInfosForClaim(System.Int32)] Unknown reference link target &#39;T:GlobalLink.Connect.WorkflowServiceRef.SubmissionWorkflowInfo&#39;. [C:\WORKING_TEMP\03_GL_stuff\00_GLC\DOTNET\DOTNET_RM\04_DotnetDoc\Help\Working\BuildReferenceTopics.proj]
BuildAssembler : warning : ResolveReferenceLinksComponent: [M:GlobalLink.Connect.GLExchange.findAvailableWorkflowInfosForDownload(System.Int32)] Unknown reference link target &#39;T:GlobalLink.Connect.WorkflowServiceRef.SubmissionWorkflowInfo&#39;. [C:\WORKING_TEMP\03_GL_stuff\00_GLC\DOTNET\DOTNET_RM\04_DotnetDoc\Help\Working\BuildReferenceTopics.proj]
BuildAssembler : warning : ResolveReferenceLinksComponent: [M:GlobalLink.Connect.GLExchange.findAvailableWorkflowInfosForDownload(System.Int32)] Unknown reference link target &#39;T:GlobalLink.Connect.WorkflowServiceRef.SubmissionWorkflowInfo&#39;. [C:\WORKING_TEMP\03_GL_stuff\00_GLC\DOTNET\DOTNET_RM\04_DotnetDoc\Help\Working\BuildReferenceTopics.proj]
BuildAssembler : warning : ResolveReferenceLinksComponent: [M:GlobalLink.Connect.GLExchange.findAvailableWorkflowInfosForDownload(System.Int32)] Unknown reference link target &#39;T:GlobalLink.Connect.WorkflowServiceRef.SubmissionWorkflowInfo&#39;. [C:\WORKING_TEMP\03_GL_stuff\00_GLC\DOTNET\DOTNET_RM\04_DotnetDoc\Help\Working\BuildReferenceTopics.proj]
BuildAssembler : warning : ResolveReferenceLinksComponent: [M:GlobalLink.Connect.GLExchange.findAvailableWorkflowInfosForDownload(System.Int32)] Unknown reference link target &#39;T:GlobalLink.Connect.WorkflowServiceRef.SubmissionWorkflowInfo&#39;. [C:\WORKING_TEMP\03_GL_stuff\00_GLC\DOTNET\DOTNET_RM\04_DotnetDoc\Help\Working\BuildReferenceTopics.proj]
BuildAssembler : warning : ResolveReferenceLinksComponent: [M:GlobalLink.Connect.GLExchange.findAvailableWorkflowInfosForDownload(System.Int32)] Unknown reference link target &#39;T:GlobalLink.Connect.WorkflowServiceRef.SubmissionWorkflowInfo&#39;. [C:\WORKING_TEMP\03_GL_stuff\00_GLC\DOTNET\DOTNET_RM\04_DotnetDoc\Help\Working\BuildReferenceTopics.proj]
BuildAssembler : warning : ResolveReferenceLinksComponent: [M:GlobalLink.Connect.GLExchange.findAvailableWorkflowInfosForDownload(System.Int32)] Unknown reference link target &#39;T:GlobalLink.Connect.WorkflowServiceRef.SubmissionWorkflowInfo&#39;. [C:\WORKING_TEMP\03_GL_stuff\00_GLC\DOTNET\DOTNET_RM\04_DotnetDoc\Help\Working\BuildReferenceTopics.proj]
BuildAssembler : warning : ResolveReferenceLinksComponent: [M:GlobalLink.Connect.Model.Batch.#ctor(GlobalLink.Connect.SubmissionServiceRef.Batch)] Unknown reference link target &#39;T:GlobalLink.Connect.SubmissionServiceRef.Batch&#39;. [C:\WORKING_TEMP\03_GL_stuff\00_GLC\DOTNET\DOTNET_RM\04_DotnetDoc\Help\Working\BuildReferenceTopics.proj]
BuildAssembler : warning : ResolveReferenceLinksComponent: [M:GlobalLink.Connect.Model.Batch.#ctor(GlobalLink.Connect.SubmissionServiceRef.Batch)] Unknown reference link target &#39;T:GlobalLink.Connect.SubmissionServiceRef.Batch&#39;. [C:\WORKING_TEMP\03_GL_stuff\00_GLC\DOTNET\DOTNET_RM\04_DotnetDoc\Help\Working\BuildReferenceTopics.proj]
BuildAssembler : warning : ResolveReferenceLinksComponent: [M:GlobalLink.Connect.Model.CustomAttribute.#ctor(GlobalLink.Connect.ProjectServiceRef.ProjectCustomFieldConfiguration)] Unknown reference link target &#39;T:GlobalLink.Connect.ProjectServiceRef.ProjectCustomFieldConfiguration&#39;. [C:\WORKING_TEMP\03_GL_stuff\00_GLC\DOTNET\DOTNET_RM\04_DotnetDoc\Help\Working\BuildReferenceTopics.proj]
BuildAssembler : warning : ResolveReferenceLinksComponent: [M:GlobalLink.Connect.Model.CustomAttribute.#ctor(GlobalLink.Connect.ProjectServiceRef.ProjectCustomFieldConfiguration)] Unknown reference link target &#39;T:GlobalLink.Connect.ProjectServiceRef.ProjectCustomFieldConfiguration&#39;. [C:\WORKING_TEMP\03_GL_stuff\00_GLC\DOTNET\DOTNET_RM\04_DotnetDoc\Help\Working\BuildReferenceTopics.proj]
BuildAssembler : warning : ResolveReferenceLinksComponent: [M:GlobalLink.Connect.Model.Document.getDocumentInfo(GlobalLink.Connect.Model.Submission)] Unknown reference link target &#39;T:GlobalLink.Connect.DocumentServiceRef.DocumentInfo&#39;. [C:\WORKING_TEMP\03_GL_stuff\00_GLC\DOTNET\DOTNET_RM\04_DotnetDoc\Help\Working\BuildReferenceTopics.proj]
BuildAssembler : warning : ResolveReferenceLinksComponent: [M:GlobalLink.Connect.Model.Document.getDocumentInfo(GlobalLink.Connect.Model.Submission)] Unknown reference link target &#39;T:GlobalLink.Connect.DocumentServiceRef.DocumentInfo&#39;. [C:\WORKING_TEMP\03_GL_stuff\00_GLC\DOTNET\DOTNET_RM\04_DotnetDoc\Help\Working\BuildReferenceTopics.proj]
BuildAssembler : warning : ResolveReferenceLinksComponent: [M:GlobalLink.Connect.Model.Document.getResourceInfo] Unknown reference link target &#39;T:GlobalLink.Connect.DocumentServiceRef.ResourceInfo&#39;. [C:\WORKING_TEMP\03_GL_stuff\00_GLC\DOTNET\DOTNET_RM\04_DotnetDoc\Help\Working\BuildReferenceTopics.proj]
BuildAssembler : warning : ResolveReferenceLinksComponent: [M:GlobalLink.Connect.Model.Document.getResourceInfo] Unknown reference link target &#39;T:GlobalLink.Connect.DocumentServiceRef.ResourceInfo&#39;. [C:\WORKING_TEMP\03_GL_stuff\00_GLC\DOTNET\DOTNET_RM\04_DotnetDoc\Help\Working\BuildReferenceTopics.proj]
BuildAssembler : warning : ResolveReferenceLinksComponent: [M:GlobalLink.Connect.Model.LanguageDirection.#ctor(GlobalLink.Connect.ProjectServiceRef.ProjectLanguageDirection)] Unknown reference link target &#39;T:GlobalLink.Connect.ProjectServiceRef.ProjectLanguageDirection&#39;. [C:\WORKING_TEMP\03_GL_stuff\00_GLC\DOTNET\DOTNET_RM\04_DotnetDoc\Help\Working\BuildReferenceTopics.proj]
BuildAssembler : warning : ResolveReferenceLinksComponent: [M:GlobalLink.Connect.Model.LanguageDirection.#ctor(GlobalLink.Connect.ProjectServiceRef.ProjectLanguageDirection)] Unknown reference link target &#39;T:GlobalLink.Connect.ProjectServiceRef.ProjectLanguageDirection&#39;. [C:\WORKING_TEMP\03_GL_stuff\00_GLC\DOTNET\DOTNET_RM\04_DotnetDoc\Help\Working\BuildReferenceTopics.proj]
BuildAssembler : warning : ResolveReferenceLinksComponent: [T:GlobalLink.Connect.Model.LanguagePhaseInfo] Unknown reference link target &#39;!:GL.WordCount&#39;. [C:\WORKING_TEMP\03_GL_stuff\00_GLC\DOTNET\DOTNET_RM\04_DotnetDoc\Help\Working\BuildReferenceTopics.proj]
BuildAssembler : warning : ResolveReferenceLinksComponent: [T:GlobalLink.Connect.Model.LanguagePhaseInfo] Unknown reference link target &#39;!:GL.WordCount&#39;. [C:\WORKING_TEMP\03_GL_stuff\00_GLC\DOTNET\DOTNET_RM\04_DotnetDoc\Help\Working\BuildReferenceTopics.proj]
BuildAssembler : warning : ResolveReferenceLinksComponent: [Fields.T:GlobalLink.Connect.Model.LanguagePhaseInfo] Unknown reference link target &#39;!:GL.WordCount&#39;. [C:\WORKING_TEMP\03_GL_stuff\00_GLC\DOTNET\DOTNET_RM\04_DotnetDoc\Help\Working\BuildReferenceTopics.proj]
BuildAssembler : warning : ResolveReferenceLinksComponent: [Fields.T:GlobalLink.Connect.Model.LanguagePhaseInfo] Unknown reference link target &#39;!:GL.WordCount&#39;. [C:\WORKING_TEMP\03_GL_stuff\00_GLC\DOTNET\DOTNET_RM\04_DotnetDoc\Help\Working\BuildReferenceTopics.proj]
BuildAssembler : warning : ResolveReferenceLinksComponent: [M:GlobalLink.Connect.Model.LanguagePhaseInfo.#ctor(GlobalLink.Connect.TargetServiceRef.LanguagePhaseInfo)] Unknown reference link target &#39;T:GlobalLink.Connect.TargetServiceRef.LanguagePhaseInfo&#39;. [C:\WORKING_TEMP\03_GL_stuff\00_GLC\DOTNET\DOTNET_RM\04_DotnetDoc\Help\Working\BuildReferenceTopics.proj]
BuildAssembler : warning : ResolveReferenceLinksComponent: [M:GlobalLink.Connect.Model.LanguagePhaseInfo.#ctor(GlobalLink.Connect.TargetServiceRef.LanguagePhaseInfo)] Unknown reference link target &#39;T:GlobalLink.Connect.TargetServiceRef.LanguagePhaseInfo&#39;. [C:\WORKING_TEMP\03_GL_stuff\00_GLC\DOTNET\DOTNET_RM\04_DotnetDoc\Help\Working\BuildReferenceTopics.proj]
BuildAssembler : warning : ResolveReferenceLinksComponent: [F:GlobalLink.Connect.Model.LanguagePhaseInfo.tmStatistics] Unknown reference link target &#39;!:GL.WordCount&#39;. [C:\WORKING_TEMP\03_GL_stuff\00_GLC\DOTNET\DOTNET_RM\04_DotnetDoc\Help\Working\BuildReferenceTopics.proj]
BuildAssembler : warning : ResolveReferenceLinksComponent: [F:GlobalLink.Connect.Model.LanguagePhaseInfo.tmStatistics] Unknown reference link target &#39;!:GL.WordCount&#39;. [C:\WORKING_TEMP\03_GL_stuff\00_GLC\DOTNET\DOTNET_RM\04_DotnetDoc\Help\Working\BuildReferenceTopics.proj]
BuildAssembler : warning : ResolveReferenceLinksComponent: [M:GlobalLink.Connect.Model.Project.#ctor(GlobalLink.Connect.ProjectServiceRef.Project)] Unknown reference link target &#39;T:GlobalLink.Connect.ProjectServiceRef.Project&#39;. [C:\WORKING_TEMP\03_GL_stuff\00_GLC\DOTNET\DOTNET_RM\04_DotnetDoc\Help\Working\BuildReferenceTopics.proj]
BuildAssembler : warning : ResolveReferenceLinksComponent: [M:GlobalLink.Connect.Model.Project.#ctor(GlobalLink.Connect.ProjectServiceRef.Project)] Unknown reference link target &#39;T:GlobalLink.Connect.ProjectServiceRef.Project&#39;. [C:\WORKING_TEMP\03_GL_stuff\00_GLC\DOTNET\DOTNET_RM\04_DotnetDoc\Help\Working\BuildReferenceTopics.proj]
BuildAssembler : warning : ResolveReferenceLinksComponent: [M:GlobalLink.Connect.Model.ReferenceDocument.getResourceInfo] Unknown reference link target &#39;T:GlobalLink.Connect.SubmissionServiceRef.ResourceInfo&#39;. [C:\WORKING_TEMP\03_GL_stuff\00_GLC\DOTNET\DOTNET_RM\04_DotnetDoc\Help\Working\BuildReferenceTopics.proj]
BuildAssembler : warning : ResolveReferenceLinksComponent: [M:GlobalLink.Connect.Model.ReferenceDocument.getResourceInfo] Unknown reference link target &#39;T:GlobalLink.Connect.SubmissionServiceRef.ResourceInfo&#39;. [C:\WORKING_TEMP\03_GL_stuff\00_GLC\DOTNET\DOTNET_RM\04_DotnetDoc\Help\Working\BuildReferenceTopics.proj]
BuildAssembler : warning : ResolveReferenceLinksComponent: [M:GlobalLink.Connect.Model.Submission.#ctor(GlobalLink.Connect.SubmissionServiceRef.Submission)] Unknown reference link target &#39;T:GlobalLink.Connect.SubmissionServiceRef.Submission&#39;. [C:\WORKING_TEMP\03_GL_stuff\00_GLC\DOTNET\DOTNET_RM\04_DotnetDoc\Help\Working\BuildReferenceTopics.proj]
BuildAssembler : warning : ResolveReferenceLinksComponent: [M:GlobalLink.Connect.Model.Submission.#ctor(GlobalLink.Connect.SubmissionServiceRef.Submission)] Unknown reference link target &#39;T:GlobalLink.Connect.SubmissionServiceRef.Submission&#39;. [C:\WORKING_TEMP\03_GL_stuff\00_GLC\DOTNET\DOTNET_RM\04_DotnetDoc\Help\Working\BuildReferenceTopics.proj]
BuildAssembler : warning : ResolveReferenceLinksComponent: [M:GlobalLink.Connect.Model.Target.#ctor(GlobalLink.Connect.TargetServiceRef.Target)] Unknown reference link target &#39;T:GlobalLink.Connect.TargetServiceRef.Target&#39;. [C:\WORKING_TEMP\03_GL_stuff\00_GLC\DOTNET\DOTNET_RM\04_DotnetDoc\Help\Working\BuildReferenceTopics.proj]
BuildAssembler : warning : ResolveReferenceLinksComponent: [M:GlobalLink.Connect.Model.Target.#ctor(GlobalLink.Connect.TargetServiceRef.Target)] Unknown reference link target &#39;T:GlobalLink.Connect.TargetServiceRef.Target&#39;. [C:\WORKING_TEMP\03_GL_stuff\00_GLC\DOTNET\DOTNET_RM\04_DotnetDoc\Help\Working\BuildReferenceTopics.proj]
BuildAssembler : warning : ResolveReferenceLinksComponent: [M:GlobalLink.Connect.Model.Workflow.#ctor(GlobalLink.Connect.ProjectServiceRef.WorkflowDefinition)] Unknown reference link target &#39;T:GlobalLink.Connect.ProjectServiceRef.WorkflowDefinition&#39;. [C:\WORKING_TEMP\03_GL_stuff\00_GLC\DOTNET\DOTNET_RM\04_DotnetDoc\Help\Working\BuildReferenceTopics.proj]
BuildAssembler : warning : ResolveReferenceLinksComponent: [M:GlobalLink.Connect.Model.Workflow.#ctor(GlobalLink.Connect.ProjectServiceRef.WorkflowDefinition)] Unknown reference link target &#39;T:GlobalLink.Connect.ProjectServiceRef.WorkflowDefinition&#39;. [C:\WORKING_TEMP\03_GL_stuff\00_GLC\DOTNET\DOTNET_RM\04_DotnetDoc\Help\Working\BuildReferenceTopics.proj]
BuildAssembler : warning : ResolveReferenceLinksComponent: [M:GlobalLink.Connect.Model.Workflow.#ctor(GlobalLink.Connect.SubmissionServiceRef.WorkflowDefinition)] Unknown reference link target &#39;T:GlobalLink.Connect.SubmissionServiceRef.WorkflowDefinition&#39;. [C:\WORKING_TEMP\03_GL_stuff\00_GLC\DOTNET\DOTNET_RM\04_DotnetDoc\Help\Working\BuildReferenceTopics.proj]
BuildAssembler : warning : ResolveReferenceLinksComponent: [M:GlobalLink.Connect.Model.Workflow.#ctor(GlobalLink.Connect.SubmissionServiceRef.WorkflowDefinition)] Unknown reference link target &#39;T:GlobalLink.Connect.SubmissionServiceRef.WorkflowDefinition&#39;. [C:\WORKING_TEMP\03_GL_stuff\00_GLC\DOTNET\DOTNET_RM\04_DotnetDoc\Help\Working\BuildReferenceTopics.proj]
  Processed 232 topic(s)
  48 warning(s)
  CopyFromIndexComponent: &quot;reflection&quot; in-memory cache entries used: 5 of 15.
  CopyFromIndexComponent: &quot;comments&quot; in-memory cache entries used: 2 of 30.
Done Building Project &quot;C:\WORKING_TEMP\03_GL_stuff\00_GLC\DOTNET\DOTNET_RM\04_DotnetDoc\Help\Working\BuildReferenceTopics.proj&quot; (default targets).

Build succeeded.

Time Elapsed 00:00:07.50
    Last step completed in 00:00:07.7270
</buildStep>
<buildStep step="CombiningIntermediateTocFiles">
Combining conceptual and API intermediate TOC files...

Clearing any prior web output
    Last step completed in 00:00:00.2560
</buildStep>
<buildStep step="ExtractingHtmlInfo">
Extracting HTML info for HTML Help 1 and/or website...
[C:\Windows\Microsoft.NET\Framework64\v4.0.30319\MSBuild.exe]
Sandcastle Help File Builder, version 2015.1.12.0
Copyright c 2006-2015, Eric Woodruff, All Rights Reserved
E-Mail: Eric@EWoodruff.us

Using LCID &#39;1033&#39;, code page &#39;65001&#39;, encoding charset &#39;UTF-8&#39;.

Processing website files in C:\WORKING_TEMP\03_GL_stuff\00_GLC\DOTNET\DOTNET_RM\04_DotnetDoc\Help\Working\Output\Website
Processed 232 HTML files
Sorting keywords and generating See Also indices
Saving website keyword index to C:\WORKING_TEMP\03_GL_stuff\00_GLC\DOTNET\DOTNET_RM\04_DotnetDoc\Help\Working\WebKI.xml
Saving website table of contents to C:\WORKING_TEMP\03_GL_stuff\00_GLC\DOTNET\DOTNET_RM\04_DotnetDoc\Help\Working\WebTOC.xml
    Last step completed in 00:00:01.6170
</buildStep>
<buildStep step="CopyStandardHelpContent">
Copying standard help content...
C:\Program Files (x86)\EWSoftware\Sandcastle Help File Builder\PresentationStyles\VS2013\icons\AlertCaution.png -&gt; C:\WORKING_TEMP\03_GL_stuff\00_GLC\DOTNET\DOTNET_RM\04_DotnetDoc\Help\Working\Output\MSHelpViewer\icons\AlertCaution.png
C:\Program Files (x86)\EWSoftware\Sandcastle Help File Builder\PresentationStyles\VS2013\icons\AlertNote.png -&gt; C:\WORKING_TEMP\03_GL_stuff\00_GLC\DOTNET\DOTNET_RM\04_DotnetDoc\Help\Working\Output\MSHelpViewer\icons\AlertNote.png
C:\Program Files (x86)\EWSoftware\Sandcastle Help File Builder\PresentationStyles\VS2013\icons\AlertSecurity.png -&gt; C:\WORKING_TEMP\03_GL_stuff\00_GLC\DOTNET\DOTNET_RM\04_DotnetDoc\Help\Working\Output\MSHelpViewer\icons\AlertSecurity.png
C:\Program Files (x86)\EWSoftware\Sandcastle Help File Builder\PresentationStyles\VS2013\icons\CFW.gif -&gt; C:\WORKING_TEMP\03_GL_stuff\00_GLC\DOTNET\DOTNET_RM\04_DotnetDoc\Help\Working\Output\MSHelpViewer\icons\CFW.gif
C:\Program Files (x86)\EWSoftware\Sandcastle Help File Builder\PresentationStyles\VS2013\icons\CodeExample.png -&gt; C:\WORKING_TEMP\03_GL_stuff\00_GLC\DOTNET\DOTNET_RM\04_DotnetDoc\Help\Working\Output\MSHelpViewer\icons\CodeExample.png
C:\Program Files (x86)\EWSoftware\Sandcastle Help File Builder\PresentationStyles\VS2013\icons\favicon.ico -&gt; C:\WORKING_TEMP\03_GL_stuff\00_GLC\DOTNET\DOTNET_RM\04_DotnetDoc\Help\Working\Output\MSHelpViewer\icons\favicon.ico
C:\Program Files (x86)\EWSoftware\Sandcastle Help File Builder\PresentationStyles\VS2013\icons\privclass.gif -&gt; C:\WORKING_TEMP\03_GL_stuff\00_GLC\DOTNET\DOTNET_RM\04_DotnetDoc\Help\Working\Output\MSHelpViewer\icons\privclass.gif
C:\Program Files (x86)\EWSoftware\Sandcastle Help File Builder\PresentationStyles\VS2013\icons\privdelegate.gif -&gt; C:\WORKING_TEMP\03_GL_stuff\00_GLC\DOTNET\DOTNET_RM\04_DotnetDoc\Help\Working\Output\MSHelpViewer\icons\privdelegate.gif
C:\Program Files (x86)\EWSoftware\Sandcastle Help File Builder\PresentationStyles\VS2013\icons\privenumeration.gif -&gt; C:\WORKING_TEMP\03_GL_stuff\00_GLC\DOTNET\DOTNET_RM\04_DotnetDoc\Help\Working\Output\MSHelpViewer\icons\privenumeration.gif
C:\Program Files (x86)\EWSoftware\Sandcastle Help File Builder\PresentationStyles\VS2013\icons\privevent.gif -&gt; C:\WORKING_TEMP\03_GL_stuff\00_GLC\DOTNET\DOTNET_RM\04_DotnetDoc\Help\Working\Output\MSHelpViewer\icons\privevent.gif
C:\Program Files (x86)\EWSoftware\Sandcastle Help File Builder\PresentationStyles\VS2013\icons\privextension.gif -&gt; C:\WORKING_TEMP\03_GL_stuff\00_GLC\DOTNET\DOTNET_RM\04_DotnetDoc\Help\Working\Output\MSHelpViewer\icons\privextension.gif
C:\Program Files (x86)\EWSoftware\Sandcastle Help File Builder\PresentationStyles\VS2013\icons\privfield.gif -&gt; C:\WORKING_TEMP\03_GL_stuff\00_GLC\DOTNET\DOTNET_RM\04_DotnetDoc\Help\Working\Output\MSHelpViewer\icons\privfield.gif
C:\Program Files (x86)\EWSoftware\Sandcastle Help File Builder\PresentationStyles\VS2013\icons\privinterface.gif -&gt; C:\WORKING_TEMP\03_GL_stuff\00_GLC\DOTNET\DOTNET_RM\04_DotnetDoc\Help\Working\Output\MSHelpViewer\icons\privinterface.gif
C:\Program Files (x86)\EWSoftware\Sandcastle Help File Builder\PresentationStyles\VS2013\icons\privmethod.gif -&gt; C:\WORKING_TEMP\03_GL_stuff\00_GLC\DOTNET\DOTNET_RM\04_DotnetDoc\Help\Working\Output\MSHelpViewer\icons\privmethod.gif
C:\Program Files (x86)\EWSoftware\Sandcastle Help File Builder\PresentationStyles\VS2013\icons\privproperty.gif -&gt; C:\WORKING_TEMP\03_GL_stuff\00_GLC\DOTNET\DOTNET_RM\04_DotnetDoc\Help\Working\Output\MSHelpViewer\icons\privproperty.gif
C:\Program Files (x86)\EWSoftware\Sandcastle Help File Builder\PresentationStyles\VS2013\icons\privstructure.gif -&gt; C:\WORKING_TEMP\03_GL_stuff\00_GLC\DOTNET\DOTNET_RM\04_DotnetDoc\Help\Working\Output\MSHelpViewer\icons\privstructure.gif
C:\Program Files (x86)\EWSoftware\Sandcastle Help File Builder\PresentationStyles\VS2013\icons\protclass.gif -&gt; C:\WORKING_TEMP\03_GL_stuff\00_GLC\DOTNET\DOTNET_RM\04_DotnetDoc\Help\Working\Output\MSHelpViewer\icons\protclass.gif
C:\Program Files (x86)\EWSoftware\Sandcastle Help File Builder\PresentationStyles\VS2013\icons\protdelegate.gif -&gt; C:\WORKING_TEMP\03_GL_stuff\00_GLC\DOTNET\DOTNET_RM\04_DotnetDoc\Help\Working\Output\MSHelpViewer\icons\protdelegate.gif
C:\Program Files (x86)\EWSoftware\Sandcastle Help File Builder\PresentationStyles\VS2013\icons\protenumeration.gif -&gt; C:\WORKING_TEMP\03_GL_stuff\00_GLC\DOTNET\DOTNET_RM\04_DotnetDoc\Help\Working\Output\MSHelpViewer\icons\protenumeration.gif
C:\Program Files (x86)\EWSoftware\Sandcastle Help File Builder\PresentationStyles\VS2013\icons\protevent.gif -&gt; C:\WORKING_TEMP\03_GL_stuff\00_GLC\DOTNET\DOTNET_RM\04_DotnetDoc\Help\Working\Output\MSHelpViewer\icons\protevent.gif
C:\Program Files (x86)\EWSoftware\Sandcastle Help File Builder\PresentationStyles\VS2013\icons\protextension.gif -&gt; C:\WORKING_TEMP\03_GL_stuff\00_GLC\DOTNET\DOTNET_RM\04_DotnetDoc\Help\Working\Output\MSHelpViewer\icons\protextension.gif
C:\Program Files (x86)\EWSoftware\Sandcastle Help File Builder\PresentationStyles\VS2013\icons\protfield.gif -&gt; C:\WORKING_TEMP\03_GL_stuff\00_GLC\DOTNET\DOTNET_RM\04_DotnetDoc\Help\Working\Output\MSHelpViewer\icons\protfield.gif
C:\Program Files (x86)\EWSoftware\Sandcastle Help File Builder\PresentationStyles\VS2013\icons\protinterface.gif -&gt; C:\WORKING_TEMP\03_GL_stuff\00_GLC\DOTNET\DOTNET_RM\04_DotnetDoc\Help\Working\Output\MSHelpViewer\icons\protinterface.gif
C:\Program Files (x86)\EWSoftware\Sandcastle Help File Builder\PresentationStyles\VS2013\icons\protmethod.gif -&gt; C:\WORKING_TEMP\03_GL_stuff\00_GLC\DOTNET\DOTNET_RM\04_DotnetDoc\Help\Working\Output\MSHelpViewer\icons\protmethod.gif
C:\Program Files (x86)\EWSoftware\Sandcastle Help File Builder\PresentationStyles\VS2013\icons\protoperator.gif -&gt; C:\WORKING_TEMP\03_GL_stuff\00_GLC\DOTNET\DOTNET_RM\04_DotnetDoc\Help\Working\Output\MSHelpViewer\icons\protoperator.gif
C:\Program Files (x86)\EWSoftware\Sandcastle Help File Builder\PresentationStyles\VS2013\icons\protproperty.gif -&gt; C:\WORKING_TEMP\03_GL_stuff\00_GLC\DOTNET\DOTNET_RM\04_DotnetDoc\Help\Working\Output\MSHelpViewer\icons\protproperty.gif
C:\Program Files (x86)\EWSoftware\Sandcastle Help File Builder\PresentationStyles\VS2013\icons\protstructure.gif -&gt; C:\WORKING_TEMP\03_GL_stuff\00_GLC\DOTNET\DOTNET_RM\04_DotnetDoc\Help\Working\Output\MSHelpViewer\icons\protstructure.gif
C:\Program Files (x86)\EWSoftware\Sandcastle Help File Builder\PresentationStyles\VS2013\icons\pubclass.gif -&gt; C:\WORKING_TEMP\03_GL_stuff\00_GLC\DOTNET\DOTNET_RM\04_DotnetDoc\Help\Working\Output\MSHelpViewer\icons\pubclass.gif
C:\Program Files (x86)\EWSoftware\Sandcastle Help File Builder\PresentationStyles\VS2013\icons\pubdelegate.gif -&gt; C:\WORKING_TEMP\03_GL_stuff\00_GLC\DOTNET\DOTNET_RM\04_DotnetDoc\Help\Working\Output\MSHelpViewer\icons\pubdelegate.gif
C:\Program Files (x86)\EWSoftware\Sandcastle Help File Builder\PresentationStyles\VS2013\icons\pubenumeration.gif -&gt; C:\WORKING_TEMP\03_GL_stuff\00_GLC\DOTNET\DOTNET_RM\04_DotnetDoc\Help\Working\Output\MSHelpViewer\icons\pubenumeration.gif
C:\Program Files (x86)\EWSoftware\Sandcastle Help File Builder\PresentationStyles\VS2013\icons\pubevent.gif -&gt; C:\WORKING_TEMP\03_GL_stuff\00_GLC\DOTNET\DOTNET_RM\04_DotnetDoc\Help\Working\Output\MSHelpViewer\icons\pubevent.gif
C:\Program Files (x86)\EWSoftware\Sandcastle Help File Builder\PresentationStyles\VS2013\icons\pubextension.gif -&gt; C:\WORKING_TEMP\03_GL_stuff\00_GLC\DOTNET\DOTNET_RM\04_DotnetDoc\Help\Working\Output\MSHelpViewer\icons\pubextension.gif
C:\Program Files (x86)\EWSoftware\Sandcastle Help File Builder\PresentationStyles\VS2013\icons\pubfield.gif -&gt; C:\WORKING_TEMP\03_GL_stuff\00_GLC\DOTNET\DOTNET_RM\04_DotnetDoc\Help\Working\Output\MSHelpViewer\icons\pubfield.gif
C:\Program Files (x86)\EWSoftware\Sandcastle Help File Builder\PresentationStyles\VS2013\icons\pubinterface.gif -&gt; C:\WORKING_TEMP\03_GL_stuff\00_GLC\DOTNET\DOTNET_RM\04_DotnetDoc\Help\Working\Output\MSHelpViewer\icons\pubinterface.gif
C:\Program Files (x86)\EWSoftware\Sandcastle Help File Builder\PresentationStyles\VS2013\icons\pubmethod.gif -&gt; C:\WORKING_TEMP\03_GL_stuff\00_GLC\DOTNET\DOTNET_RM\04_DotnetDoc\Help\Working\Output\MSHelpViewer\icons\pubmethod.gif
C:\Program Files (x86)\EWSoftware\Sandcastle Help File Builder\PresentationStyles\VS2013\icons\puboperator.gif -&gt; C:\WORKING_TEMP\03_GL_stuff\00_GLC\DOTNET\DOTNET_RM\04_DotnetDoc\Help\Working\Output\MSHelpViewer\icons\puboperator.gif
C:\Program Files (x86)\EWSoftware\Sandcastle Help File Builder\PresentationStyles\VS2013\icons\pubproperty.gif -&gt; C:\WORKING_TEMP\03_GL_stuff\00_GLC\DOTNET\DOTNET_RM\04_DotnetDoc\Help\Working\Output\MSHelpViewer\icons\pubproperty.gif
C:\Program Files (x86)\EWSoftware\Sandcastle Help File Builder\PresentationStyles\VS2013\icons\pubstructure.gif -&gt; C:\WORKING_TEMP\03_GL_stuff\00_GLC\DOTNET\DOTNET_RM\04_DotnetDoc\Help\Working\Output\MSHelpViewer\icons\pubstructure.gif
C:\Program Files (x86)\EWSoftware\Sandcastle Help File Builder\PresentationStyles\VS2013\icons\SectionCollapsed.png -&gt; C:\WORKING_TEMP\03_GL_stuff\00_GLC\DOTNET\DOTNET_RM\04_DotnetDoc\Help\Working\Output\MSHelpViewer\icons\SectionCollapsed.png
C:\Program Files (x86)\EWSoftware\Sandcastle Help File Builder\PresentationStyles\VS2013\icons\SectionExpanded.png -&gt; C:\WORKING_TEMP\03_GL_stuff\00_GLC\DOTNET\DOTNET_RM\04_DotnetDoc\Help\Working\Output\MSHelpViewer\icons\SectionExpanded.png
C:\Program Files (x86)\EWSoftware\Sandcastle Help File Builder\PresentationStyles\VS2013\icons\slMobile.gif -&gt; C:\WORKING_TEMP\03_GL_stuff\00_GLC\DOTNET\DOTNET_RM\04_DotnetDoc\Help\Working\Output\MSHelpViewer\icons\slMobile.gif
C:\Program Files (x86)\EWSoftware\Sandcastle Help File Builder\PresentationStyles\VS2013\icons\static.gif -&gt; C:\WORKING_TEMP\03_GL_stuff\00_GLC\DOTNET\DOTNET_RM\04_DotnetDoc\Help\Working\Output\MSHelpViewer\icons\static.gif
C:\Program Files (x86)\EWSoftware\Sandcastle Help File Builder\PresentationStyles\VS2013\icons\xna.gif -&gt; C:\WORKING_TEMP\03_GL_stuff\00_GLC\DOTNET\DOTNET_RM\04_DotnetDoc\Help\Working\Output\MSHelpViewer\icons\xna.gif
C:\Program Files (x86)\EWSoftware\Sandcastle Help File Builder\PresentationStyles\VS2013\scripts\branding.js -&gt; C:\WORKING_TEMP\03_GL_stuff\00_GLC\DOTNET\DOTNET_RM\04_DotnetDoc\Help\Working\Output\MSHelpViewer\scripts\branding.js
C:\Program Files (x86)\EWSoftware\Sandcastle Help File Builder\PresentationStyles\VS2013\styles\branding-cs-CZ.css -&gt; C:\WORKING_TEMP\03_GL_stuff\00_GLC\DOTNET\DOTNET_RM\04_DotnetDoc\Help\Working\Output\MSHelpViewer\styles\branding-cs-CZ.css
C:\Program Files (x86)\EWSoftware\Sandcastle Help File Builder\PresentationStyles\VS2013\styles\branding-de-DE.css -&gt; C:\WORKING_TEMP\03_GL_stuff\00_GLC\DOTNET\DOTNET_RM\04_DotnetDoc\Help\Working\Output\MSHelpViewer\styles\branding-de-DE.css
C:\Program Files (x86)\EWSoftware\Sandcastle Help File Builder\PresentationStyles\VS2013\styles\branding-en-US.css -&gt; C:\WORKING_TEMP\03_GL_stuff\00_GLC\DOTNET\DOTNET_RM\04_DotnetDoc\Help\Working\Output\MSHelpViewer\styles\branding-en-US.css
C:\Program Files (x86)\EWSoftware\Sandcastle Help File Builder\PresentationStyles\VS2013\styles\branding-es-ES.css -&gt; C:\WORKING_TEMP\03_GL_stuff\00_GLC\DOTNET\DOTNET_RM\04_DotnetDoc\Help\Working\Output\MSHelpViewer\styles\branding-es-ES.css
C:\Program Files (x86)\EWSoftware\Sandcastle Help File Builder\PresentationStyles\VS2013\styles\branding-fr-FR.css -&gt; C:\WORKING_TEMP\03_GL_stuff\00_GLC\DOTNET\DOTNET_RM\04_DotnetDoc\Help\Working\Output\MSHelpViewer\styles\branding-fr-FR.css
C:\Program Files (x86)\EWSoftware\Sandcastle Help File Builder\PresentationStyles\VS2013\styles\branding-Help1.css -&gt; C:\WORKING_TEMP\03_GL_stuff\00_GLC\DOTNET\DOTNET_RM\04_DotnetDoc\Help\Working\Output\MSHelpViewer\styles\branding-Help1.css
C:\Program Files (x86)\EWSoftware\Sandcastle Help File Builder\PresentationStyles\VS2013\styles\branding-Help2.css -&gt; C:\WORKING_TEMP\03_GL_stuff\00_GLC\DOTNET\DOTNET_RM\04_DotnetDoc\Help\Working\Output\MSHelpViewer\styles\branding-Help2.css
C:\Program Files (x86)\EWSoftware\Sandcastle Help File Builder\PresentationStyles\VS2013\styles\branding-HelpViewer.css -&gt; C:\WORKING_TEMP\03_GL_stuff\00_GLC\DOTNET\DOTNET_RM\04_DotnetDoc\Help\Working\Output\MSHelpViewer\styles\branding-HelpViewer.css
C:\Program Files (x86)\EWSoftware\Sandcastle Help File Builder\PresentationStyles\VS2013\styles\branding-it-IT.css -&gt; C:\WORKING_TEMP\03_GL_stuff\00_GLC\DOTNET\DOTNET_RM\04_DotnetDoc\Help\Working\Output\MSHelpViewer\styles\branding-it-IT.css
C:\Program Files (x86)\EWSoftware\Sandcastle Help File Builder\PresentationStyles\VS2013\styles\branding-ja-JP.css -&gt; C:\WORKING_TEMP\03_GL_stuff\00_GLC\DOTNET\DOTNET_RM\04_DotnetDoc\Help\Working\Output\MSHelpViewer\styles\branding-ja-JP.css
C:\Program Files (x86)\EWSoftware\Sandcastle Help File Builder\PresentationStyles\VS2013\styles\branding-ko-KR.css -&gt; C:\WORKING_TEMP\03_GL_stuff\00_GLC\DOTNET\DOTNET_RM\04_DotnetDoc\Help\Working\Output\MSHelpViewer\styles\branding-ko-KR.css
C:\Program Files (x86)\EWSoftware\Sandcastle Help File Builder\PresentationStyles\VS2013\styles\branding-pl-PL.css -&gt; C:\WORKING_TEMP\03_GL_stuff\00_GLC\DOTNET\DOTNET_RM\04_DotnetDoc\Help\Working\Output\MSHelpViewer\styles\branding-pl-PL.css
C:\Program Files (x86)\EWSoftware\Sandcastle Help File Builder\PresentationStyles\VS2013\styles\branding-pt-BR.css -&gt; C:\WORKING_TEMP\03_GL_stuff\00_GLC\DOTNET\DOTNET_RM\04_DotnetDoc\Help\Working\Output\MSHelpViewer\styles\branding-pt-BR.css
C:\Program Files (x86)\EWSoftware\Sandcastle Help File Builder\PresentationStyles\VS2013\styles\branding-ru-RU.css -&gt; C:\WORKING_TEMP\03_GL_stuff\00_GLC\DOTNET\DOTNET_RM\04_DotnetDoc\Help\Working\Output\MSHelpViewer\styles\branding-ru-RU.css
C:\Program Files (x86)\EWSoftware\Sandcastle Help File Builder\PresentationStyles\VS2013\styles\branding-tr-TR.css -&gt; C:\WORKING_TEMP\03_GL_stuff\00_GLC\DOTNET\DOTNET_RM\04_DotnetDoc\Help\Working\Output\MSHelpViewer\styles\branding-tr-TR.css
C:\Program Files (x86)\EWSoftware\Sandcastle Help File Builder\PresentationStyles\VS2013\styles\branding-Website.css -&gt; C:\WORKING_TEMP\03_GL_stuff\00_GLC\DOTNET\DOTNET_RM\04_DotnetDoc\Help\Working\Output\MSHelpViewer\styles\branding-Website.css
C:\Program Files (x86)\EWSoftware\Sandcastle Help File Builder\PresentationStyles\VS2013\styles\branding-zh-CN.css -&gt; C:\WORKING_TEMP\03_GL_stuff\00_GLC\DOTNET\DOTNET_RM\04_DotnetDoc\Help\Working\Output\MSHelpViewer\styles\branding-zh-CN.css
C:\Program Files (x86)\EWSoftware\Sandcastle Help File Builder\PresentationStyles\VS2013\styles\branding-zh-TW.css -&gt; C:\WORKING_TEMP\03_GL_stuff\00_GLC\DOTNET\DOTNET_RM\04_DotnetDoc\Help\Working\Output\MSHelpViewer\styles\branding-zh-TW.css
C:\Program Files (x86)\EWSoftware\Sandcastle Help File Builder\PresentationStyles\VS2013\styles\branding.css -&gt; C:\WORKING_TEMP\03_GL_stuff\00_GLC\DOTNET\DOTNET_RM\04_DotnetDoc\Help\Working\Output\MSHelpViewer\styles\branding.css
C:\Program Files (x86)\EWSoftware\Sandcastle Help File Builder\PresentationStyles\VS2013\icons\AlertCaution.png -&gt; C:\WORKING_TEMP\03_GL_stuff\00_GLC\DOTNET\DOTNET_RM\04_DotnetDoc\Help\Working\Output\Website\icons\AlertCaution.png
C:\Program Files (x86)\EWSoftware\Sandcastle Help File Builder\PresentationStyles\VS2013\icons\AlertNote.png -&gt; C:\WORKING_TEMP\03_GL_stuff\00_GLC\DOTNET\DOTNET_RM\04_DotnetDoc\Help\Working\Output\Website\icons\AlertNote.png
C:\Program Files (x86)\EWSoftware\Sandcastle Help File Builder\PresentationStyles\VS2013\icons\AlertSecurity.png -&gt; C:\WORKING_TEMP\03_GL_stuff\00_GLC\DOTNET\DOTNET_RM\04_DotnetDoc\Help\Working\Output\Website\icons\AlertSecurity.png
C:\Program Files (x86)\EWSoftware\Sandcastle Help File Builder\PresentationStyles\VS2013\icons\CFW.gif -&gt; C:\WORKING_TEMP\03_GL_stuff\00_GLC\DOTNET\DOTNET_RM\04_DotnetDoc\Help\Working\Output\Website\icons\CFW.gif
C:\Program Files (x86)\EWSoftware\Sandcastle Help File Builder\PresentationStyles\VS2013\icons\CodeExample.png -&gt; C:\WORKING_TEMP\03_GL_stuff\00_GLC\DOTNET\DOTNET_RM\04_DotnetDoc\Help\Working\Output\Website\icons\CodeExample.png
C:\Program Files (x86)\EWSoftware\Sandcastle Help File Builder\PresentationStyles\VS2013\icons\favicon.ico -&gt; C:\WORKING_TEMP\03_GL_stuff\00_GLC\DOTNET\DOTNET_RM\04_DotnetDoc\Help\Working\Output\Website\icons\favicon.ico
C:\Program Files (x86)\EWSoftware\Sandcastle Help File Builder\PresentationStyles\VS2013\icons\privclass.gif -&gt; C:\WORKING_TEMP\03_GL_stuff\00_GLC\DOTNET\DOTNET_RM\04_DotnetDoc\Help\Working\Output\Website\icons\privclass.gif
C:\Program Files (x86)\EWSoftware\Sandcastle Help File Builder\PresentationStyles\VS2013\icons\privdelegate.gif -&gt; C:\WORKING_TEMP\03_GL_stuff\00_GLC\DOTNET\DOTNET_RM\04_DotnetDoc\Help\Working\Output\Website\icons\privdelegate.gif
C:\Program Files (x86)\EWSoftware\Sandcastle Help File Builder\PresentationStyles\VS2013\icons\privenumeration.gif -&gt; C:\WORKING_TEMP\03_GL_stuff\00_GLC\DOTNET\DOTNET_RM\04_DotnetDoc\Help\Working\Output\Website\icons\privenumeration.gif
C:\Program Files (x86)\EWSoftware\Sandcastle Help File Builder\PresentationStyles\VS2013\icons\privevent.gif -&gt; C:\WORKING_TEMP\03_GL_stuff\00_GLC\DOTNET\DOTNET_RM\04_DotnetDoc\Help\Working\Output\Website\icons\privevent.gif
C:\Program Files (x86)\EWSoftware\Sandcastle Help File Builder\PresentationStyles\VS2013\icons\privextension.gif -&gt; C:\WORKING_TEMP\03_GL_stuff\00_GLC\DOTNET\DOTNET_RM\04_DotnetDoc\Help\Working\Output\Website\icons\privextension.gif
C:\Program Files (x86)\EWSoftware\Sandcastle Help File Builder\PresentationStyles\VS2013\icons\privfield.gif -&gt; C:\WORKING_TEMP\03_GL_stuff\00_GLC\DOTNET\DOTNET_RM\04_DotnetDoc\Help\Working\Output\Website\icons\privfield.gif
C:\Program Files (x86)\EWSoftware\Sandcastle Help File Builder\PresentationStyles\VS2013\icons\privinterface.gif -&gt; C:\WORKING_TEMP\03_GL_stuff\00_GLC\DOTNET\DOTNET_RM\04_DotnetDoc\Help\Working\Output\Website\icons\privinterface.gif
C:\Program Files (x86)\EWSoftware\Sandcastle Help File Builder\PresentationStyles\VS2013\icons\privmethod.gif -&gt; C:\WORKING_TEMP\03_GL_stuff\00_GLC\DOTNET\DOTNET_RM\04_DotnetDoc\Help\Working\Output\Website\icons\privmethod.gif
C:\Program Files (x86)\EWSoftware\Sandcastle Help File Builder\PresentationStyles\VS2013\icons\privproperty.gif -&gt; C:\WORKING_TEMP\03_GL_stuff\00_GLC\DOTNET\DOTNET_RM\04_DotnetDoc\Help\Working\Output\Website\icons\privproperty.gif
C:\Program Files (x86)\EWSoftware\Sandcastle Help File Builder\PresentationStyles\VS2013\icons\privstructure.gif -&gt; C:\WORKING_TEMP\03_GL_stuff\00_GLC\DOTNET\DOTNET_RM\04_DotnetDoc\Help\Working\Output\Website\icons\privstructure.gif
C:\Program Files (x86)\EWSoftware\Sandcastle Help File Builder\PresentationStyles\VS2013\icons\protclass.gif -&gt; C:\WORKING_TEMP\03_GL_stuff\00_GLC\DOTNET\DOTNET_RM\04_DotnetDoc\Help\Working\Output\Website\icons\protclass.gif
C:\Program Files (x86)\EWSoftware\Sandcastle Help File Builder\PresentationStyles\VS2013\icons\protdelegate.gif -&gt; C:\WORKING_TEMP\03_GL_stuff\00_GLC\DOTNET\DOTNET_RM\04_DotnetDoc\Help\Working\Output\Website\icons\protdelegate.gif
C:\Program Files (x86)\EWSoftware\Sandcastle Help File Builder\PresentationStyles\VS2013\icons\protenumeration.gif -&gt; C:\WORKING_TEMP\03_GL_stuff\00_GLC\DOTNET\DOTNET_RM\04_DotnetDoc\Help\Working\Output\Website\icons\protenumeration.gif
C:\Program Files (x86)\EWSoftware\Sandcastle Help File Builder\PresentationStyles\VS2013\icons\protevent.gif -&gt; C:\WORKING_TEMP\03_GL_stuff\00_GLC\DOTNET\DOTNET_RM\04_DotnetDoc\Help\Working\Output\Website\icons\protevent.gif
C:\Program Files (x86)\EWSoftware\Sandcastle Help File Builder\PresentationStyles\VS2013\icons\protextension.gif -&gt; C:\WORKING_TEMP\03_GL_stuff\00_GLC\DOTNET\DOTNET_RM\04_DotnetDoc\Help\Working\Output\Website\icons\protextension.gif
C:\Program Files (x86)\EWSoftware\Sandcastle Help File Builder\PresentationStyles\VS2013\icons\protfield.gif -&gt; C:\WORKING_TEMP\03_GL_stuff\00_GLC\DOTNET\DOTNET_RM\04_DotnetDoc\Help\Working\Output\Website\icons\protfield.gif
C:\Program Files (x86)\EWSoftware\Sandcastle Help File Builder\PresentationStyles\VS2013\icons\protinterface.gif -&gt; C:\WORKING_TEMP\03_GL_stuff\00_GLC\DOTNET\DOTNET_RM\04_DotnetDoc\Help\Working\Output\Website\icons\protinterface.gif
C:\Program Files (x86)\EWSoftware\Sandcastle Help File Builder\PresentationStyles\VS2013\icons\protmethod.gif -&gt; C:\WORKING_TEMP\03_GL_stuff\00_GLC\DOTNET\DOTNET_RM\04_DotnetDoc\Help\Working\Output\Website\icons\protmethod.gif
C:\Program Files (x86)\EWSoftware\Sandcastle Help File Builder\PresentationStyles\VS2013\icons\protoperator.gif -&gt; C:\WORKING_TEMP\03_GL_stuff\00_GLC\DOTNET\DOTNET_RM\04_DotnetDoc\Help\Working\Output\Website\icons\protoperator.gif
C:\Program Files (x86)\EWSoftware\Sandcastle Help File Builder\PresentationStyles\VS2013\icons\protproperty.gif -&gt; C:\WORKING_TEMP\03_GL_stuff\00_GLC\DOTNET\DOTNET_RM\04_DotnetDoc\Help\Working\Output\Website\icons\protproperty.gif
C:\Program Files (x86)\EWSoftware\Sandcastle Help File Builder\PresentationStyles\VS2013\icons\protstructure.gif -&gt; C:\WORKING_TEMP\03_GL_stuff\00_GLC\DOTNET\DOTNET_RM\04_DotnetDoc\Help\Working\Output\Website\icons\protstructure.gif
C:\Program Files (x86)\EWSoftware\Sandcastle Help File Builder\PresentationStyles\VS2013\icons\pubclass.gif -&gt; C:\WORKING_TEMP\03_GL_stuff\00_GLC\DOTNET\DOTNET_RM\04_DotnetDoc\Help\Working\Output\Website\icons\pubclass.gif
C:\Program Files (x86)\EWSoftware\Sandcastle Help File Builder\PresentationStyles\VS2013\icons\pubdelegate.gif -&gt; C:\WORKING_TEMP\03_GL_stuff\00_GLC\DOTNET\DOTNET_RM\04_DotnetDoc\Help\Working\Output\Website\icons\pubdelegate.gif
C:\Program Files (x86)\EWSoftware\Sandcastle Help File Builder\PresentationStyles\VS2013\icons\pubenumeration.gif -&gt; C:\WORKING_TEMP\03_GL_stuff\00_GLC\DOTNET\DOTNET_RM\04_DotnetDoc\Help\Working\Output\Website\icons\pubenumeration.gif
C:\Program Files (x86)\EWSoftware\Sandcastle Help File Builder\PresentationStyles\VS2013\icons\pubevent.gif -&gt; C:\WORKING_TEMP\03_GL_stuff\00_GLC\DOTNET\DOTNET_RM\04_DotnetDoc\Help\Working\Output\Website\icons\pubevent.gif
C:\Program Files (x86)\EWSoftware\Sandcastle Help File Builder\PresentationStyles\VS2013\icons\pubextension.gif -&gt; C:\WORKING_TEMP\03_GL_stuff\00_GLC\DOTNET\DOTNET_RM\04_DotnetDoc\Help\Working\Output\Website\icons\pubextension.gif
C:\Program Files (x86)\EWSoftware\Sandcastle Help File Builder\PresentationStyles\VS2013\icons\pubfield.gif -&gt; C:\WORKING_TEMP\03_GL_stuff\00_GLC\DOTNET\DOTNET_RM\04_DotnetDoc\Help\Working\Output\Website\icons\pubfield.gif
C:\Program Files (x86)\EWSoftware\Sandcastle Help File Builder\PresentationStyles\VS2013\icons\pubinterface.gif -&gt; C:\WORKING_TEMP\03_GL_stuff\00_GLC\DOTNET\DOTNET_RM\04_DotnetDoc\Help\Working\Output\Website\icons\pubinterface.gif
C:\Program Files (x86)\EWSoftware\Sandcastle Help File Builder\PresentationStyles\VS2013\icons\pubmethod.gif -&gt; C:\WORKING_TEMP\03_GL_stuff\00_GLC\DOTNET\DOTNET_RM\04_DotnetDoc\Help\Working\Output\Website\icons\pubmethod.gif
C:\Program Files (x86)\EWSoftware\Sandcastle Help File Builder\PresentationStyles\VS2013\icons\puboperator.gif -&gt; C:\WORKING_TEMP\03_GL_stuff\00_GLC\DOTNET\DOTNET_RM\04_DotnetDoc\Help\Working\Output\Website\icons\puboperator.gif
C:\Program Files (x86)\EWSoftware\Sandcastle Help File Builder\PresentationStyles\VS2013\icons\pubproperty.gif -&gt; C:\WORKING_TEMP\03_GL_stuff\00_GLC\DOTNET\DOTNET_RM\04_DotnetDoc\Help\Working\Output\Website\icons\pubproperty.gif
C:\Program Files (x86)\EWSoftware\Sandcastle Help File Builder\PresentationStyles\VS2013\icons\pubstructure.gif -&gt; C:\WORKING_TEMP\03_GL_stuff\00_GLC\DOTNET\DOTNET_RM\04_DotnetDoc\Help\Working\Output\Website\icons\pubstructure.gif
C:\Program Files (x86)\EWSoftware\Sandcastle Help File Builder\PresentationStyles\VS2013\icons\SectionCollapsed.png -&gt; C:\WORKING_TEMP\03_GL_stuff\00_GLC\DOTNET\DOTNET_RM\04_DotnetDoc\Help\Working\Output\Website\icons\SectionCollapsed.png
C:\Program Files (x86)\EWSoftware\Sandcastle Help File Builder\PresentationStyles\VS2013\icons\SectionExpanded.png -&gt; C:\WORKING_TEMP\03_GL_stuff\00_GLC\DOTNET\DOTNET_RM\04_DotnetDoc\Help\Working\Output\Website\icons\SectionExpanded.png
C:\Program Files (x86)\EWSoftware\Sandcastle Help File Builder\PresentationStyles\VS2013\icons\slMobile.gif -&gt; C:\WORKING_TEMP\03_GL_stuff\00_GLC\DOTNET\DOTNET_RM\04_DotnetDoc\Help\Working\Output\Website\icons\slMobile.gif
C:\Program Files (x86)\EWSoftware\Sandcastle Help File Builder\PresentationStyles\VS2013\icons\static.gif -&gt; C:\WORKING_TEMP\03_GL_stuff\00_GLC\DOTNET\DOTNET_RM\04_DotnetDoc\Help\Working\Output\Website\icons\static.gif
C:\Program Files (x86)\EWSoftware\Sandcastle Help File Builder\PresentationStyles\VS2013\icons\xna.gif -&gt; C:\WORKING_TEMP\03_GL_stuff\00_GLC\DOTNET\DOTNET_RM\04_DotnetDoc\Help\Working\Output\Website\icons\xna.gif
C:\Program Files (x86)\EWSoftware\Sandcastle Help File Builder\PresentationStyles\VS2013\scripts\branding.js -&gt; C:\WORKING_TEMP\03_GL_stuff\00_GLC\DOTNET\DOTNET_RM\04_DotnetDoc\Help\Working\Output\Website\scripts\branding.js
C:\Program Files (x86)\EWSoftware\Sandcastle Help File Builder\PresentationStyles\VS2013\styles\branding-cs-CZ.css -&gt; C:\WORKING_TEMP\03_GL_stuff\00_GLC\DOTNET\DOTNET_RM\04_DotnetDoc\Help\Working\Output\Website\styles\branding-cs-CZ.css
C:\Program Files (x86)\EWSoftware\Sandcastle Help File Builder\PresentationStyles\VS2013\styles\branding-de-DE.css -&gt; C:\WORKING_TEMP\03_GL_stuff\00_GLC\DOTNET\DOTNET_RM\04_DotnetDoc\Help\Working\Output\Website\styles\branding-de-DE.css
C:\Program Files (x86)\EWSoftware\Sandcastle Help File Builder\PresentationStyles\VS2013\styles\branding-en-US.css -&gt; C:\WORKING_TEMP\03_GL_stuff\00_GLC\DOTNET\DOTNET_RM\04_DotnetDoc\Help\Working\Output\Website\styles\branding-en-US.css
C:\Program Files (x86)\EWSoftware\Sandcastle Help File Builder\PresentationStyles\VS2013\styles\branding-es-ES.css -&gt; C:\WORKING_TEMP\03_GL_stuff\00_GLC\DOTNET\DOTNET_RM\04_DotnetDoc\Help\Working\Output\Website\styles\branding-es-ES.css
C:\Program Files (x86)\EWSoftware\Sandcastle Help File Builder\PresentationStyles\VS2013\styles\branding-fr-FR.css -&gt; C:\WORKING_TEMP\03_GL_stuff\00_GLC\DOTNET\DOTNET_RM\04_DotnetDoc\Help\Working\Output\Website\styles\branding-fr-FR.css
C:\Program Files (x86)\EWSoftware\Sandcastle Help File Builder\PresentationStyles\VS2013\styles\branding-Help1.css -&gt; C:\WORKING_TEMP\03_GL_stuff\00_GLC\DOTNET\DOTNET_RM\04_DotnetDoc\Help\Working\Output\Website\styles\branding-Help1.css
C:\Program Files (x86)\EWSoftware\Sandcastle Help File Builder\PresentationStyles\VS2013\styles\branding-Help2.css -&gt; C:\WORKING_TEMP\03_GL_stuff\00_GLC\DOTNET\DOTNET_RM\04_DotnetDoc\Help\Working\Output\Website\styles\branding-Help2.css
C:\Program Files (x86)\EWSoftware\Sandcastle Help File Builder\PresentationStyles\VS2013\styles\branding-HelpViewer.css -&gt; C:\WORKING_TEMP\03_GL_stuff\00_GLC\DOTNET\DOTNET_RM\04_DotnetDoc\Help\Working\Output\Website\styles\branding-HelpViewer.css
C:\Program Files (x86)\EWSoftware\Sandcastle Help File Builder\PresentationStyles\VS2013\styles\branding-it-IT.css -&gt; C:\WORKING_TEMP\03_GL_stuff\00_GLC\DOTNET\DOTNET_RM\04_DotnetDoc\Help\Working\Output\Website\styles\branding-it-IT.css
C:\Program Files (x86)\EWSoftware\Sandcastle Help File Builder\PresentationStyles\VS2013\styles\branding-ja-JP.css -&gt; C:\WORKING_TEMP\03_GL_stuff\00_GLC\DOTNET\DOTNET_RM\04_DotnetDoc\Help\Working\Output\Website\styles\branding-ja-JP.css
C:\Program Files (x86)\EWSoftware\Sandcastle Help File Builder\PresentationStyles\VS2013\styles\branding-ko-KR.css -&gt; C:\WORKING_TEMP\03_GL_stuff\00_GLC\DOTNET\DOTNET_RM\04_DotnetDoc\Help\Working\Output\Website\styles\branding-ko-KR.css
C:\Program Files (x86)\EWSoftware\Sandcastle Help File Builder\PresentationStyles\VS2013\styles\branding-pl-PL.css -&gt; C:\WORKING_TEMP\03_GL_stuff\00_GLC\DOTNET\DOTNET_RM\04_DotnetDoc\Help\Working\Output\Website\styles\branding-pl-PL.css
C:\Program Files (x86)\EWSoftware\Sandcastle Help File Builder\PresentationStyles\VS2013\styles\branding-pt-BR.css -&gt; C:\WORKING_TEMP\03_GL_stuff\00_GLC\DOTNET\DOTNET_RM\04_DotnetDoc\Help\Working\Output\Website\styles\branding-pt-BR.css
C:\Program Files (x86)\EWSoftware\Sandcastle Help File Builder\PresentationStyles\VS2013\styles\branding-ru-RU.css -&gt; C:\WORKING_TEMP\03_GL_stuff\00_GLC\DOTNET\DOTNET_RM\04_DotnetDoc\Help\Working\Output\Website\styles\branding-ru-RU.css
C:\Program Files (x86)\EWSoftware\Sandcastle Help File Builder\PresentationStyles\VS2013\styles\branding-tr-TR.css -&gt; C:\WORKING_TEMP\03_GL_stuff\00_GLC\DOTNET\DOTNET_RM\04_DotnetDoc\Help\Working\Output\Website\styles\branding-tr-TR.css
C:\Program Files (x86)\EWSoftware\Sandcastle Help File Builder\PresentationStyles\VS2013\styles\branding-Website.css -&gt; C:\WORKING_TEMP\03_GL_stuff\00_GLC\DOTNET\DOTNET_RM\04_DotnetDoc\Help\Working\Output\Website\styles\branding-Website.css
C:\Program Files (x86)\EWSoftware\Sandcastle Help File Builder\PresentationStyles\VS2013\styles\branding-zh-CN.css -&gt; C:\WORKING_TEMP\03_GL_stuff\00_GLC\DOTNET\DOTNET_RM\04_DotnetDoc\Help\Working\Output\Website\styles\branding-zh-CN.css
C:\Program Files (x86)\EWSoftware\Sandcastle Help File Builder\PresentationStyles\VS2013\styles\branding-zh-TW.css -&gt; C:\WORKING_TEMP\03_GL_stuff\00_GLC\DOTNET\DOTNET_RM\04_DotnetDoc\Help\Working\Output\Website\styles\branding-zh-TW.css
C:\Program Files (x86)\EWSoftware\Sandcastle Help File Builder\PresentationStyles\VS2013\styles\branding.css -&gt; C:\WORKING_TEMP\03_GL_stuff\00_GLC\DOTNET\DOTNET_RM\04_DotnetDoc\Help\Working\Output\Website\styles\branding.css
C:\Program Files (x86)\EWSoftware\Sandcastle Help File Builder\PresentationStyles\VS2013\Web\index.html -&gt; C:\WORKING_TEMP\03_GL_stuff\00_GLC\DOTNET\DOTNET_RM\04_DotnetDoc\Help\Working\Output\Website\index.html
C:\Program Files (x86)\EWSoftware\Sandcastle Help File Builder\PresentationStyles\VS2013\Web\search.html -&gt; C:\WORKING_TEMP\03_GL_stuff\00_GLC\DOTNET\DOTNET_RM\04_DotnetDoc\Help\Working\Output\Website\search.html
C:\Program Files (x86)\EWSoftware\Sandcastle Help File Builder\PresentationStyles\VS2013\Web\SearchHelp.aspx -&gt; C:\WORKING_TEMP\03_GL_stuff\00_GLC\DOTNET\DOTNET_RM\04_DotnetDoc\Help\Working\Output\Website\SearchHelp.aspx
C:\Program Files (x86)\EWSoftware\Sandcastle Help File Builder\PresentationStyles\VS2013\Web\SearchHelp.inc.php -&gt; C:\WORKING_TEMP\03_GL_stuff\00_GLC\DOTNET\DOTNET_RM\04_DotnetDoc\Help\Working\Output\Website\SearchHelp.inc.php
C:\Program Files (x86)\EWSoftware\Sandcastle Help File Builder\PresentationStyles\VS2013\Web\SearchHelp.php -&gt; C:\WORKING_TEMP\03_GL_stuff\00_GLC\DOTNET\DOTNET_RM\04_DotnetDoc\Help\Working\Output\Website\SearchHelp.php
C:\Program Files (x86)\EWSoftware\Sandcastle Help File Builder\PresentationStyles\VS2013\Web\Web.Config -&gt; C:\WORKING_TEMP\03_GL_stuff\00_GLC\DOTNET\DOTNET_RM\04_DotnetDoc\Help\Working\Output\Website\Web.Config
C:\Program Files (x86)\EWSoftware\Sandcastle Help File Builder\PresentationStyles\VS2013\Web\icons\Search.png -&gt; C:\WORKING_TEMP\03_GL_stuff\00_GLC\DOTNET\DOTNET_RM\04_DotnetDoc\Help\Working\Output\Website\icons\Search.png
C:\Program Files (x86)\EWSoftware\Sandcastle Help File Builder\PresentationStyles\VS2013\Web\icons\TocClose.gif -&gt; C:\WORKING_TEMP\03_GL_stuff\00_GLC\DOTNET\DOTNET_RM\04_DotnetDoc\Help\Working\Output\Website\icons\TocClose.gif
C:\Program Files (x86)\EWSoftware\Sandcastle Help File Builder\PresentationStyles\VS2013\Web\icons\TocCollapsed.gif -&gt; C:\WORKING_TEMP\03_GL_stuff\00_GLC\DOTNET\DOTNET_RM\04_DotnetDoc\Help\Working\Output\Website\icons\TocCollapsed.gif
C:\Program Files (x86)\EWSoftware\Sandcastle Help File Builder\PresentationStyles\VS2013\Web\icons\TocExpanded.gif -&gt; C:\WORKING_TEMP\03_GL_stuff\00_GLC\DOTNET\DOTNET_RM\04_DotnetDoc\Help\Working\Output\Website\icons\TocExpanded.gif
C:\Program Files (x86)\EWSoftware\Sandcastle Help File Builder\PresentationStyles\VS2013\Web\icons\TocOpen.gif -&gt; C:\WORKING_TEMP\03_GL_stuff\00_GLC\DOTNET\DOTNET_RM\04_DotnetDoc\Help\Working\Output\Website\icons\TocOpen.gif
C:\Program Files (x86)\EWSoftware\Sandcastle Help File Builder\PresentationStyles\VS2013\Web\scripts\branding-Website.js -&gt; C:\WORKING_TEMP\03_GL_stuff\00_GLC\DOTNET\DOTNET_RM\04_DotnetDoc\Help\Working\Output\Website\scripts\branding-Website.js
C:\Program Files (x86)\EWSoftware\Sandcastle Help File Builder\PresentationStyles\VS2013\Web\scripts\jquery-1.11.0.min.js -&gt; C:\WORKING_TEMP\03_GL_stuff\00_GLC\DOTNET\DOTNET_RM\04_DotnetDoc\Help\Working\Output\Website\scripts\jquery-1.11.0.min.js
    Last step completed in 00:00:00.6980
</buildStep>
<buildStep step="GenerateHelpFormatTableOfContents">
Executing informational Generate Table of Contents build step for plug-ins (not used for MS Help Viewer)
    Last step completed in 00:00:00.0000
</buildStep>
<buildStep step="GenerateHelpProject">
Executing informational Generate Help Project build step for plug-ins (not used for MS Help Viewer)
    Last step completed in 00:00:00.0100
</buildStep>
<buildStep step="CompilingHelpFile">
Generating MS Help Viewer file...
[C:\Windows\Microsoft.NET\Framework64\v4.0.30319\MSBuild.exe]
  Compressing help content files...
  Compression finished.  300 items added
  Saving C:\WORKING_TEMP\03_GL_stuff\00_GLC\DOTNET\DOTNET_RM\04_DotnetDoc\Help\dotnetdoc.mshc...
  Finished saving C:\WORKING_TEMP\03_GL_stuff\00_GLC\DOTNET\DOTNET_RM\04_DotnetDoc\Help\dotnetdoc.mshc
  Compressed 4 folders, 296 files.  Reduced size by 1,382,361 bytes (75%).
    Last step completed in 00:00:02.7390
</buildStep>
<buildStep step="GenerateHelpFormatTableOfContents">
Generating website table of contents file...
    Last step completed in 00:00:00.0100
</buildStep>
<buildStep step="GenerateFullTextIndex">
Generating full-text index for the website...

<plugIn name="Lightweight Website Style" behavior="After" priority="1000">
Adding lightweight search and TOC elements to each topic...
</plugIn>    Last step completed in 00:00:02.6129
</buildStep>
<buildStep step="CopyingWebsiteFiles">
Copying website files to output folder...

Copied 100 files
Copied 200 files
Copied 300 files
Copied 392 files for the website content
    Last step completed in 00:00:00.6500
</buildStep>
<buildStep step="CleanIntermediates">
Removing intermediate files...
    Last step completed in 00:00:00.5090
</buildStep>
<buildStep step="Completed">

Build completed successfully at 2017-12-29 15:20:16.  Total time: 00:00:20.6858

</buildStep>
</shfbBuild>
